0 info it worked if it ends with ok
1 verbose cli [ '/Users/calvinwiebe/.nvm/v4.2.3/bin/node',
1 verbose cli   '/Users/calvinwiebe/.nvm/v4.2.3/bin/npm',
1 verbose cli   'version',
1 verbose cli   'minor' ]
2 info using npm@3.10.6
3 info using node@v4.2.3
4 info git [ 'status', '--porcelain' ]
5 verbose stack Error: Git working directory not clean.
5 verbose stack M CHANGELOG.md
5 verbose stack     at /Users/calvinwiebe/.nvm/v4.2.3/lib/node_modules/npm/lib/version.js:247:19
5 verbose stack     at /Users/calvinwiebe/.nvm/v4.2.3/lib/node_modules/npm/lib/utils/no-progress-while-running.js:21:8
5 verbose stack     at ChildProcess.exithandler (child_process.js:194:7)
5 verbose stack     at emitTwo (events.js:87:13)
5 verbose stack     at ChildProcess.emit (events.js:172:7)
5 verbose stack     at maybeClose (internal/child_process.js:818:16)
5 verbose stack     at Socket.<anonymous> (internal/child_process.js:319:11)
5 verbose stack     at emitOne (events.js:77:13)
5 verbose stack     at Socket.emit (events.js:169:7)
5 verbose stack     at Pipe._onclose (net.js:469:12)
6 verbose cwd /Users/calvinwiebe/dev/uber-watchify
7 error Darwin 15.6.0
8 error argv "/Users/calvinwiebe/.nvm/v4.2.3/bin/node" "/Users/calvinwiebe/.nvm/v4.2.3/bin/npm" "version" "minor"
9 error node v4.2.3
10 error npm  v3.10.6
11 error Git working directory not clean.
11 error M CHANGELOG.md
12 error If you need help, you may report this error at:
12 error     <https://github.com/npm/npm/issues>
13 verbose exit [ 1, true ]
